2015-09-07 11:47:43,407 [Worker-9] INFO  o.e.m.c.i.p.ProjectConfigurationManager - Collecting project info '/pom.xml' C:\Users\Bel\Java\Demo\TV_E2E\pom.xml
2015-09-07 11:47:49,170 [Worker-9] INFO  o.e.m.c.i.l.LifecycleMappingFactory - Using org.eclipse.m2e.jdt.JarLifecycleMapping lifecycle mapping for MavenProject: core:TV_E2E:1.0 @ C:\Users\Bel\Java\Demo\TV_E2E\pom.xml.
2015-09-07 11:47:50,684 [Worker-9] INFO  o.e.m.j.i.AbstractJavaProjectConfigurator - Adding source folder /TV_E2E/src/main/java
2015-09-07 11:47:50,702 [Worker-9] INFO  o.e.m.j.i.AbstractJavaProjectConfigurator - Adding source folder /TV_E2E/src/test/java
2015-09-07 11:47:53,221 [Worker-9] INFO  o.e.m.c.i.p.ProjectConfigurationManager - Imported and configured 1 project(s) in 9 sec
2015-09-07 11:47:54,426 [Worker-9] INFO  o.e.m.c.i.embedder.EclipseLogger - Using 'UTF-8' encoding to copy filtered resources.
2015-09-07 11:47:54,427 [Worker-9] INFO  o.e.m.c.i.embedder.EclipseLogger - skip non existing resourceDirectory C:\Users\Bel\Java\Demo\TV_E2E\src\main\resources
2015-09-07 11:47:54,463 [Worker-9] INFO  o.e.m.c.i.embedder.EclipseLogger - Using 'UTF-8' encoding to copy filtered resources.
2015-09-07 11:47:54,464 [Worker-9] INFO  o.e.m.c.i.embedder.EclipseLogger - skip non existing resourceDirectory C:\Users\Bel\Java\Demo\TV_E2E\src\test\resources
2015-09-07 11:48:56,624 [Worker-7] INFO  o.e.m.c.i.embedder.EclipseLogger - Using 'UTF-8' encoding to copy filtered resources.
2015-09-07 11:48:56,625 [Worker-7] INFO  o.e.m.c.i.embedder.EclipseLogger - skip non existing resourceDirectory C:\Users\Bel\Java\Demo\TV_E2E\src\main\resources
2015-09-07 11:48:56,630 [Worker-7] INFO  o.e.m.c.i.embedder.EclipseLogger - Using 'UTF-8' encoding to copy filtered resources.
2015-09-07 11:48:56,631 [Worker-7] INFO  o.e.m.c.i.embedder.EclipseLogger - skip non existing resourceDirectory C:\Users\Bel\Java\Demo\TV_E2E\src\test\resources
2015-09-07 11:50:27,141 [Worker-6] INFO  o.e.m.c.i.embedder.EclipseLogger - Using 'UTF-8' encoding to copy filtered resources.
2015-09-07 11:50:27,142 [Worker-6] INFO  o.e.m.c.i.embedder.EclipseLogger - skip non existing resourceDirectory C:\Users\Bel\Java\Demo\TV_E2E\src\main\resources
2015-09-07 11:50:27,146 [Worker-6] INFO  o.e.m.c.i.embedder.EclipseLogger - Using 'UTF-8' encoding to copy filtered resources.
2015-09-07 11:50:27,147 [Worker-6] INFO  o.e.m.c.i.embedder.EclipseLogger - skip non existing resourceDirectory C:\Users\Bel\Java\Demo\TV_E2E\src\test\resources
2015-09-07 11:50:28,509 [Worker-6] INFO  o.e.m.c.i.embedder.EclipseLogger - Using 'UTF-8' encoding to copy filtered resources.
2015-09-07 11:50:28,510 [Worker-6] INFO  o.e.m.c.i.embedder.EclipseLogger - skip non existing resourceDirectory C:\Users\Bel\Java\Demo\TV_E2E\src\main\resources
2015-09-07 11:50:28,514 [Worker-6] INFO  o.e.m.c.i.embedder.EclipseLogger - Using 'UTF-8' encoding to copy filtered resources.
2015-09-07 11:50:28,515 [Worker-6] INFO  o.e.m.c.i.embedder.EclipseLogger - skip non existing resourceDirectory C:\Users\Bel\Java\Demo\TV_E2E\src\test\resources
2015-09-07 11:57:39,985 [Worker-6] INFO  o.e.m.c.i.embedder.EclipseLogger - Using 'UTF-8' encoding to copy filtered resources.
2015-09-07 11:57:39,986 [Worker-6] INFO  o.e.m.c.i.embedder.EclipseLogger - skip non existing resourceDirectory C:\Users\Bel\Java\Demo\TV_E2E\src\main\resources
2015-09-07 11:57:39,989 [Worker-6] INFO  o.e.m.c.i.embedder.EclipseLogger - Using 'UTF-8' encoding to copy filtered resources.
2015-09-07 11:57:39,990 [Worker-6] INFO  o.e.m.c.i.embedder.EclipseLogger - skip non existing resourceDirectory C:\Users\Bel\Java\Demo\TV_E2E\src\test\resources
2015-09-07 19:06:05,134 [Worker-13] INFO  o.e.m.c.i.embedder.EclipseLogger - Using 'UTF-8' encoding to copy filtered resources.
2015-09-07 19:06:05,301 [Worker-13] INFO  o.e.m.c.i.embedder.EclipseLogger - Copying 1 resource
2015-09-07 19:06:05,327 [Worker-13] INFO  o.e.m.c.i.embedder.EclipseLogger - Using 'UTF-8' encoding to copy filtered resources.
2015-09-07 19:06:05,327 [Worker-13] INFO  o.e.m.c.i.embedder.EclipseLogger - skip non existing resourceDirectory C:\Users\Bel\Java\Demo\TV_E2E\src\test\resources
2015-09-07 19:08:07,920 [Worker-6] INFO  o.e.m.c.i.embedder.EclipseLogger - Using 'UTF-8' encoding to copy filtered resources.
2015-09-07 19:08:07,922 [Worker-6] INFO  o.e.m.c.i.embedder.EclipseLogger - Copying 1 resource
2015-09-07 19:08:07,928 [Worker-6] INFO  o.e.m.c.i.embedder.EclipseLogger - Using 'UTF-8' encoding to copy filtered resources.
2015-09-07 19:08:07,928 [Worker-6] INFO  o.e.m.c.i.embedder.EclipseLogger - skip non existing resourceDirectory C:\Users\Bel\Java\Demo\TV_E2E\src\test\resources
2015-09-07 19:08:37,091 [Worker-18] INFO  o.e.m.c.i.embedder.EclipseLogger - Using 'UTF-8' encoding to copy filtered resources.
2015-09-07 19:08:37,093 [Worker-18] INFO  o.e.m.c.i.embedder.EclipseLogger - Copying 1 resource
2015-09-07 19:08:37,098 [Worker-18] INFO  o.e.m.c.i.embedder.EclipseLogger - Using 'UTF-8' encoding to copy filtered resources.
2015-09-07 19:08:37,098 [Worker-18] INFO  o.e.m.c.i.embedder.EclipseLogger - skip non existing resourceDirectory C:\Users\Bel\Java\Demo\TV_E2E\src\test\resources
2015-09-07 19:09:39,192 [Worker-18] INFO  o.e.m.c.i.embedder.EclipseLogger - Using 'UTF-8' encoding to copy filtered resources.
2015-09-07 19:09:39,194 [Worker-18] INFO  o.e.m.c.i.embedder.EclipseLogger - Copying 1 resource
2015-09-07 19:09:39,198 [Worker-18] INFO  o.e.m.c.i.embedder.EclipseLogger - Using 'UTF-8' encoding to copy filtered resources.
2015-09-07 19:09:39,198 [Worker-18] INFO  o.e.m.c.i.embedder.EclipseLogger - skip non existing resourceDirectory C:\Users\Bel\Java\Demo\TV_E2E\src\test\resources
2015-09-07 19:10:48,860 [Worker-17] INFO  o.e.m.c.i.embedder.EclipseLogger - Using 'UTF-8' encoding to copy filtered resources.
2015-09-07 19:10:48,863 [Worker-17] INFO  o.e.m.c.i.embedder.EclipseLogger - Copying 1 resource
2015-09-07 19:10:48,868 [Worker-17] INFO  o.e.m.c.i.embedder.EclipseLogger - Using 'UTF-8' encoding to copy filtered resources.
2015-09-07 19:10:48,869 [Worker-17] INFO  o.e.m.c.i.embedder.EclipseLogger - skip non existing resourceDirectory C:\Users\Bel\Java\Demo\TV_E2E\src\test\resources
2015-09-07 19:11:43,207 [Worker-18] INFO  o.e.m.c.i.embedder.EclipseLogger - Using 'UTF-8' encoding to copy filtered resources.
2015-09-07 19:11:43,210 [Worker-18] INFO  o.e.m.c.i.embedder.EclipseLogger - Copying 1 resource
2015-09-07 19:11:43,215 [Worker-18] INFO  o.e.m.c.i.embedder.EclipseLogger - Using 'UTF-8' encoding to copy filtered resources.
2015-09-07 19:11:43,216 [Worker-18] INFO  o.e.m.c.i.embedder.EclipseLogger - skip non existing resourceDirectory C:\Users\Bel\Java\Demo\TV_E2E\src\test\resources
2015-09-07 19:13:15,081 [Worker-17] INFO  o.e.m.c.i.embedder.EclipseLogger - Using 'UTF-8' encoding to copy filtered resources.
2015-09-07 19:13:15,083 [Worker-17] INFO  o.e.m.c.i.embedder.EclipseLogger - Copying 1 resource
2015-09-07 19:13:15,089 [Worker-17] INFO  o.e.m.c.i.embedder.EclipseLogger - Using 'UTF-8' encoding to copy filtered resources.
2015-09-07 19:13:15,091 [Worker-17] INFO  o.e.m.c.i.embedder.EclipseLogger - skip non existing resourceDirectory C:\Users\Bel\Java\Demo\TV_E2E\src\test\resources
2015-09-07 19:13:57,498 [Worker-16] INFO  o.e.m.c.i.embedder.EclipseLogger - Using 'UTF-8' encoding to copy filtered resources.
2015-09-07 19:13:57,503 [Worker-16] INFO  o.e.m.c.i.embedder.EclipseLogger - Copying 1 resource
2015-09-07 19:13:57,517 [Worker-16] INFO  o.e.m.c.i.embedder.EclipseLogger - Using 'UTF-8' encoding to copy filtered resources.
2015-09-07 19:13:57,518 [Worker-16] INFO  o.e.m.c.i.embedder.EclipseLogger - skip non existing resourceDirectory C:\Users\Bel\Java\Demo\TV_E2E\src\test\resources
2015-09-07 19:17:20,326 [Worker-13] INFO  o.e.m.c.i.embedder.EclipseLogger - Using 'UTF-8' encoding to copy filtered resources.
2015-09-07 19:17:20,328 [Worker-13] INFO  o.e.m.c.i.embedder.EclipseLogger - Copying 1 resource
2015-09-07 19:17:20,334 [Worker-13] INFO  o.e.m.c.i.embedder.EclipseLogger - Using 'UTF-8' encoding to copy filtered resources.
2015-09-07 19:17:20,335 [Worker-13] INFO  o.e.m.c.i.embedder.EclipseLogger - skip non existing resourceDirectory C:\Users\Bel\Java\Demo\TV_E2E\src\test\resources
2015-09-07 19:18:41,135 [Worker-22] INFO  o.e.m.c.i.embedder.EclipseLogger - Using 'UTF-8' encoding to copy filtered resources.
2015-09-07 19:18:41,137 [Worker-22] INFO  o.e.m.c.i.embedder.EclipseLogger - Copying 1 resource
2015-09-07 19:18:41,141 [Worker-22] INFO  o.e.m.c.i.embedder.EclipseLogger - Using 'UTF-8' encoding to copy filtered resources.
2015-09-07 19:18:41,142 [Worker-22] INFO  o.e.m.c.i.embedder.EclipseLogger - skip non existing resourceDirectory C:\Users\Bel\Java\Demo\TV_E2E\src\test\resources
2015-09-07 19:20:31,087 [Worker-20] INFO  o.e.m.c.i.embedder.EclipseLogger - Using 'UTF-8' encoding to copy filtered resources.
2015-09-07 19:20:31,090 [Worker-20] INFO  o.e.m.c.i.embedder.EclipseLogger - Copying 1 resource
2015-09-07 19:20:31,096 [Worker-20] INFO  o.e.m.c.i.embedder.EclipseLogger - Using 'UTF-8' encoding to copy filtered resources.
2015-09-07 19:20:31,097 [Worker-20] INFO  o.e.m.c.i.embedder.EclipseLogger - skip non existing resourceDirectory C:\Users\Bel\Java\Demo\TV_E2E\src\test\resources
2015-09-07 19:35:52,919 [Worker-25] INFO  o.e.m.c.i.embedder.EclipseLogger - Using 'UTF-8' encoding to copy filtered resources.
2015-09-07 19:35:52,921 [Worker-25] INFO  o.e.m.c.i.embedder.EclipseLogger - Copying 1 resource
2015-09-07 19:35:52,925 [Worker-25] INFO  o.e.m.c.i.embedder.EclipseLogger - Using 'UTF-8' encoding to copy filtered resources.
2015-09-07 19:35:52,926 [Worker-25] INFO  o.e.m.c.i.embedder.EclipseLogger - skip non existing resourceDirectory C:\Users\Bel\Java\Demo\TV_E2E\src\test\resources
2015-09-07 19:36:39,144 [Worker-26] INFO  o.e.m.c.i.embedder.EclipseLogger - Using 'UTF-8' encoding to copy filtered resources.
2015-09-07 19:36:39,147 [Worker-26] INFO  o.e.m.c.i.embedder.EclipseLogger - Copying 1 resource
2015-09-07 19:36:39,152 [Worker-26] INFO  o.e.m.c.i.embedder.EclipseLogger - Using 'UTF-8' encoding to copy filtered resources.
2015-09-07 19:36:39,153 [Worker-26] INFO  o.e.m.c.i.embedder.EclipseLogger - skip non existing resourceDirectory C:\Users\Bel\Java\Demo\TV_E2E\src\test\resources
2015-09-07 19:40:17,563 [Worker-19] INFO  o.e.m.c.i.embedder.EclipseLogger - Using 'UTF-8' encoding to copy filtered resources.
2015-09-07 19:40:17,565 [Worker-19] INFO  o.e.m.c.i.embedder.EclipseLogger - Copying 1 resource
2015-09-07 19:40:17,569 [Worker-19] INFO  o.e.m.c.i.embedder.EclipseLogger - Using 'UTF-8' encoding to copy filtered resources.
2015-09-07 19:40:17,570 [Worker-19] INFO  o.e.m.c.i.embedder.EclipseLogger - skip non existing resourceDirectory C:\Users\Bel\Java\Demo\TV_E2E\src\test\resources
2015-09-07 19:52:26,693 [Worker-19] INFO  o.e.m.c.i.l.LifecycleMappingFactory - Using org.eclipse.m2e.jdt.JarLifecycleMapping lifecycle mapping for MavenProject: core:TV_E2E:1.0 @ C:\Users\Bel\Java\Demo\TV_E2E\pom.xml.
2015-09-07 19:52:31,861 [Worker-19] INFO  o.e.m.c.i.embedder.EclipseLogger - Using 'UTF-8' encoding to copy filtered resources.
2015-09-07 19:52:31,866 [Worker-19] INFO  o.e.m.c.i.embedder.EclipseLogger - Copying 0 resource
2015-09-07 19:52:31,881 [Worker-19] INFO  o.e.m.c.i.embedder.EclipseLogger - Using 'UTF-8' encoding to copy filtered resources.
2015-09-07 19:52:31,882 [Worker-19] INFO  o.e.m.c.i.embedder.EclipseLogger - skip non existing resourceDirectory C:\Users\Bel\Java\Demo\TV_E2E\src\test\resources
2015-09-07 19:52:35,195 [Worker-25] INFO  o.e.m.c.i.embedder.EclipseLogger - Using 'UTF-8' encoding to copy filtered resources.
2015-09-07 19:52:35,197 [Worker-25] INFO  o.e.m.c.i.embedder.EclipseLogger - Copying 1 resource
2015-09-07 19:52:35,225 [Worker-25] INFO  o.e.m.c.i.embedder.EclipseLogger - Using 'UTF-8' encoding to copy filtered resources.
2015-09-07 19:52:35,226 [Worker-25] INFO  o.e.m.c.i.embedder.EclipseLogger - skip non existing resourceDirectory C:\Users\Bel\Java\Demo\TV_E2E\src\test\resources
2015-09-07 19:54:43,524 [Worker-6] INFO  o.e.m.c.i.l.LifecycleMappingFactory - Using org.eclipse.m2e.jdt.JarLifecycleMapping lifecycle mapping for MavenProject: core:TV_E2E:1.0 @ C:\Users\Bel\Java\Demo\TV_E2E\pom.xml.
2015-09-07 19:54:46,600 [Worker-6] INFO  o.e.m.c.i.embedder.EclipseLogger - Using 'UTF-8' encoding to copy filtered resources.
2015-09-07 19:54:46,604 [Worker-6] INFO  o.e.m.c.i.embedder.EclipseLogger - Copying 0 resource
2015-09-07 19:54:46,609 [Worker-6] INFO  o.e.m.c.i.embedder.EclipseLogger - Using 'UTF-8' encoding to copy filtered resources.
2015-09-07 19:54:46,610 [Worker-6] INFO  o.e.m.c.i.embedder.EclipseLogger - skip non existing resourceDirectory C:\Users\Bel\Java\Demo\TV_E2E\src\test\resources
2015-09-07 20:10:11,342 [Worker-25] INFO  o.e.m.c.i.embedder.EclipseLogger - Using 'UTF-8' encoding to copy filtered resources.
2015-09-07 20:10:11,344 [Worker-25] INFO  o.e.m.c.i.embedder.EclipseLogger - Copying 1 resource
2015-09-07 20:10:11,359 [Worker-25] INFO  o.e.m.c.i.embedder.EclipseLogger - Using 'UTF-8' encoding to copy filtered resources.
2015-09-07 20:10:11,360 [Worker-25] INFO  o.e.m.c.i.embedder.EclipseLogger - skip non existing resourceDirectory C:\Users\Bel\Java\Demo\TV_E2E\src\test\resources
2015-09-07 20:15:59,819 [Worker-30] INFO  o.e.m.c.i.embedder.EclipseLogger - Using 'UTF-8' encoding to copy filtered resources.
2015-09-07 20:15:59,821 [Worker-30] INFO  o.e.m.c.i.embedder.EclipseLogger - Copying 1 resource
2015-09-07 20:15:59,825 [Worker-30] INFO  o.e.m.c.i.embedder.EclipseLogger - Using 'UTF-8' encoding to copy filtered resources.
2015-09-07 20:15:59,826 [Worker-30] INFO  o.e.m.c.i.embedder.EclipseLogger - skip non existing resourceDirectory C:\Users\Bel\Java\Demo\TV_E2E\src\test\resources
2015-09-07 20:17:10,768 [Worker-28] INFO  o.e.m.c.i.embedder.EclipseLogger - Using 'UTF-8' encoding to copy filtered resources.
2015-09-07 20:17:10,770 [Worker-28] INFO  o.e.m.c.i.embedder.EclipseLogger - Copying 1 resource
2015-09-07 20:17:10,774 [Worker-28] INFO  o.e.m.c.i.embedder.EclipseLogger - Using 'UTF-8' encoding to copy filtered resources.
2015-09-07 20:17:10,774 [Worker-28] INFO  o.e.m.c.i.embedder.EclipseLogger - skip non existing resourceDirectory C:\Users\Bel\Java\Demo\TV_E2E\src\test\resources
2015-09-07 20:17:58,809 [Worker-30] INFO  o.e.m.i.launch.MavenLaunchDelegate - C:\Users\Bel\Java\Demo\TV_E2E
2015-09-07 20:17:58,810 [Worker-30] INFO  o.e.m.i.launch.MavenLaunchDelegate -  mvn  -B test
2015-09-07 20:18:11,581 [Worker-31] INFO  o.e.m.c.i.embedder.EclipseLogger - Using 'UTF-8' encoding to copy filtered resources.
2015-09-07 20:18:11,587 [Worker-31] INFO  o.e.m.c.i.embedder.EclipseLogger - Copying 1 resource
2015-09-07 20:18:11,592 [Worker-31] INFO  o.e.m.c.i.embedder.EclipseLogger - Using 'UTF-8' encoding to copy filtered resources.
2015-09-07 20:18:11,593 [Worker-31] INFO  o.e.m.c.i.embedder.EclipseLogger - skip non existing resourceDirectory C:\Users\Bel\Java\Demo\TV_E2E\src\test\resources
2015-09-07 20:25:47,264 [Worker-27] INFO  o.e.m.c.i.l.LifecycleMappingFactory - Using org.eclipse.m2e.jdt.JarLifecycleMapping lifecycle mapping for MavenProject: core:TV_E2E:1.0 @ C:\Users\Bel\Java\Demo\TV_E2E\pom.xml.
2015-09-07 20:25:49,675 [Worker-27] INFO  o.e.m.c.i.embedder.EclipseLogger - Using 'UTF-8' encoding to copy filtered resources.
2015-09-07 20:25:49,679 [Worker-27] INFO  o.e.m.c.i.embedder.EclipseLogger - Copying 0 resource
2015-09-07 20:25:49,684 [Worker-27] INFO  o.e.m.c.i.embedder.EclipseLogger - Using 'UTF-8' encoding to copy filtered resources.
2015-09-07 20:25:49,685 [Worker-27] INFO  o.e.m.c.i.embedder.EclipseLogger - skip non existing resourceDirectory C:\Users\Bel\Java\Demo\TV_E2E\src\test\resources
2015-09-07 20:25:52,797 [Worker-33] INFO  o.e.m.c.i.embedder.EclipseLogger - Using 'UTF-8' encoding to copy filtered resources.
2015-09-07 20:25:52,799 [Worker-33] INFO  o.e.m.c.i.embedder.EclipseLogger - Copying 1 resource
2015-09-07 20:25:52,856 [Worker-33] INFO  o.e.m.c.i.embedder.EclipseLogger - Using 'UTF-8' encoding to copy filtered resources.
2015-09-07 20:25:52,856 [Worker-33] INFO  o.e.m.c.i.embedder.EclipseLogger - skip non existing resourceDirectory C:\Users\Bel\Java\Demo\TV_E2E\src\test\resources
2015-09-07 20:26:12,289 [Worker-36] INFO  o.e.m.c.i.embedder.EclipseLogger - Using 'UTF-8' encoding to copy filtered resources.
2015-09-07 20:26:12,289 [Worker-36] INFO  o.e.m.c.i.embedder.EclipseLogger - Copying 0 resource
2015-09-07 20:26:12,292 [Worker-36] INFO  o.e.m.c.i.embedder.EclipseLogger - Using 'UTF-8' encoding to copy filtered resources.
2015-09-07 20:26:12,293 [Worker-36] INFO  o.e.m.c.i.embedder.EclipseLogger - skip non existing resourceDirectory C:\Users\Bel\Java\Demo\TV_E2E\src\test\resources
2015-09-07 20:27:55,262 [Worker-33] INFO  o.e.m.c.i.embedder.EclipseLogger - Using 'UTF-8' encoding to copy filtered resources.
2015-09-07 20:27:55,264 [Worker-33] INFO  o.e.m.c.i.embedder.EclipseLogger - Copying 1 resource
2015-09-07 20:27:55,271 [Worker-33] INFO  o.e.m.c.i.embedder.EclipseLogger - Using 'UTF-8' encoding to copy filtered resources.
2015-09-07 20:27:55,272 [Worker-33] INFO  o.e.m.c.i.embedder.EclipseLogger - skip non existing resourceDirectory C:\Users\Bel\Java\Demo\TV_E2E\src\test\resources
2015-09-07 20:32:19,647 [Worker-34] INFO  o.e.m.c.i.embedder.EclipseLogger - Using 'UTF-8' encoding to copy filtered resources.
2015-09-07 20:32:19,649 [Worker-34] INFO  o.e.m.c.i.embedder.EclipseLogger - Copying 1 resource
2015-09-07 20:32:19,655 [Worker-34] INFO  o.e.m.c.i.embedder.EclipseLogger - Using 'UTF-8' encoding to copy filtered resources.
2015-09-07 20:32:19,656 [Worker-34] INFO  o.e.m.c.i.embedder.EclipseLogger - skip non existing resourceDirectory C:\Users\Bel\Java\Demo\TV_E2E\src\test\resources
2015-09-07 20:32:26,921 [Worker-38] INFO  o.e.m.c.i.embedder.EclipseLogger - Using 'UTF-8' encoding to copy filtered resources.
2015-09-07 20:32:26,923 [Worker-38] INFO  o.e.m.c.i.embedder.EclipseLogger - Copying 1 resource
2015-09-07 20:32:26,927 [Worker-38] INFO  o.e.m.c.i.embedder.EclipseLogger - Using 'UTF-8' encoding to copy filtered resources.
2015-09-07 20:32:26,928 [Worker-38] INFO  o.e.m.c.i.embedder.EclipseLogger - skip non existing resourceDirectory C:\Users\Bel\Java\Demo\TV_E2E\src\test\resources
2015-09-07 20:35:06,063 [Worker-38] INFO  o.e.m.c.i.embedder.EclipseLogger - Using 'UTF-8' encoding to copy filtered resources.
2015-09-07 20:35:06,064 [Worker-38] INFO  o.e.m.c.i.embedder.EclipseLogger - Copying 0 resource
2015-09-07 20:35:06,067 [Worker-38] INFO  o.e.m.c.i.embedder.EclipseLogger - Using 'UTF-8' encoding to copy filtered resources.
2015-09-07 20:35:06,068 [Worker-38] INFO  o.e.m.c.i.embedder.EclipseLogger - skip non existing resourceDirectory C:\Users\Bel\Java\Demo\TV_E2E\src\test\resources
2015-09-07 20:55:09,693 [Worker-37] INFO  o.e.m.c.i.embedder.EclipseLogger - Using 'UTF-8' encoding to copy filtered resources.
2015-09-07 20:55:09,694 [Worker-37] INFO  o.e.m.c.i.embedder.EclipseLogger - Copying 0 resource
2015-09-07 20:55:09,699 [Worker-37] INFO  o.e.m.c.i.embedder.EclipseLogger - Using 'UTF-8' encoding to copy filtered resources.
2015-09-07 20:55:09,700 [Worker-37] INFO  o.e.m.c.i.embedder.EclipseLogger - skip non existing resourceDirectory C:\Users\Bel\Java\Demo\TV_E2E\src\test\resources
2015-09-07 21:07:44,824 [Worker-37] INFO  o.e.m.c.i.embedder.EclipseLogger - Using 'UTF-8' encoding to copy filtered resources.
2015-09-07 21:07:44,825 [Worker-37] INFO  o.e.m.c.i.embedder.EclipseLogger - Copying 0 resource
2015-09-07 21:07:44,828 [Worker-37] INFO  o.e.m.c.i.embedder.EclipseLogger - Using 'UTF-8' encoding to copy filtered resources.
2015-09-07 21:07:44,828 [Worker-37] INFO  o.e.m.c.i.embedder.EclipseLogger - skip non existing resourceDirectory C:\Users\Bel\Java\Demo\TV_E2E\src\test\resources
2015-09-07 21:29:32,194 [Worker-61] INFO  o.e.m.c.i.embedder.EclipseLogger - Using 'UTF-8' encoding to copy filtered resources.
2015-09-07 21:29:32,196 [Worker-61] INFO  o.e.m.c.i.embedder.EclipseLogger - Copying 1 resource
2015-09-07 21:29:32,208 [Worker-61] INFO  o.e.m.c.i.embedder.EclipseLogger - Using 'UTF-8' encoding to copy filtered resources.
2015-09-07 21:29:32,209 [Worker-61] INFO  o.e.m.c.i.embedder.EclipseLogger - skip non existing resourceDirectory C:\Users\Bel\Java\Demo\TV_E2E\src\test\resources
2015-09-07 21:40:58,194 [Worker-61] INFO  o.e.m.c.i.embedder.EclipseLogger - Using 'UTF-8' encoding to copy filtered resources.
2015-09-07 21:40:58,196 [Worker-61] INFO  o.e.m.c.i.embedder.EclipseLogger - Copying 1 resource
2015-09-07 21:40:58,201 [Worker-61] INFO  o.e.m.c.i.embedder.EclipseLogger - Using 'UTF-8' encoding to copy filtered resources.
2015-09-07 21:40:58,202 [Worker-61] INFO  o.e.m.c.i.embedder.EclipseLogger - skip non existing resourceDirectory C:\Users\Bel\Java\Demo\TV_E2E\src\test\resources
2015-09-07 21:43:03,784 [Worker-77] INFO  o.e.m.c.i.embedder.EclipseLogger - Using 'UTF-8' encoding to copy filtered resources.
2015-09-07 21:43:03,785 [Worker-77] INFO  o.e.m.c.i.embedder.EclipseLogger - Copying 1 resource
2015-09-07 21:43:03,789 [Worker-77] INFO  o.e.m.c.i.embedder.EclipseLogger - Using 'UTF-8' encoding to copy filtered resources.
2015-09-07 21:43:03,789 [Worker-77] INFO  o.e.m.c.i.embedder.EclipseLogger - skip non existing resourceDirectory C:\Users\Bel\Java\Demo\TV_E2E\src\test\resources
2015-09-07 21:45:35,651 [Worker-75] INFO  o.e.m.c.i.embedder.EclipseLogger - Using 'UTF-8' encoding to copy filtered resources.
2015-09-07 21:45:35,653 [Worker-75] INFO  o.e.m.c.i.embedder.EclipseLogger - Copying 1 resource
2015-09-07 21:45:35,657 [Worker-75] INFO  o.e.m.c.i.embedder.EclipseLogger - Using 'UTF-8' encoding to copy filtered resources.
2015-09-07 21:45:35,657 [Worker-75] INFO  o.e.m.c.i.embedder.EclipseLogger - skip non existing resourceDirectory C:\Users\Bel\Java\Demo\TV_E2E\src\test\resources
2015-09-07 21:47:39,510 [Worker-74] INFO  o.e.m.c.i.embedder.EclipseLogger - Using 'UTF-8' encoding to copy filtered resources.
2015-09-07 21:47:39,513 [Worker-74] INFO  o.e.m.c.i.embedder.EclipseLogger - Copying 1 resource
2015-09-07 21:47:39,518 [Worker-74] INFO  o.e.m.c.i.embedder.EclipseLogger - Using 'UTF-8' encoding to copy filtered resources.
2015-09-07 21:47:39,519 [Worker-74] INFO  o.e.m.c.i.embedder.EclipseLogger - skip non existing resourceDirectory C:\Users\Bel\Java\Demo\TV_E2E\src\test\resources
2015-09-07 21:48:18,347 [Worker-61] INFO  o.e.m.c.i.embedder.EclipseLogger - Using 'UTF-8' encoding to copy filtered resources.
2015-09-07 21:48:18,349 [Worker-61] INFO  o.e.m.c.i.embedder.EclipseLogger - Copying 1 resource
2015-09-07 21:48:18,354 [Worker-61] INFO  o.e.m.c.i.embedder.EclipseLogger - Using 'UTF-8' encoding to copy filtered resources.
2015-09-07 21:48:18,355 [Worker-61] INFO  o.e.m.c.i.embedder.EclipseLogger - skip non existing resourceDirectory C:\Users\Bel\Java\Demo\TV_E2E\src\test\resources
2015-09-07 21:52:45,182 [Worker-74] INFO  o.e.m.c.i.embedder.EclipseLogger - Using 'UTF-8' encoding to copy filtered resources.
2015-09-07 21:52:45,184 [Worker-74] INFO  o.e.m.c.i.embedder.EclipseLogger - Copying 1 resource
2015-09-07 21:52:45,191 [Worker-74] INFO  o.e.m.c.i.embedder.EclipseLogger - Using 'UTF-8' encoding to copy filtered resources.
2015-09-07 21:52:45,192 [Worker-74] INFO  o.e.m.c.i.embedder.EclipseLogger - skip non existing resourceDirectory C:\Users\Bel\Java\Demo\TV_E2E\src\test\resources
2015-09-07 21:58:33,170 [Worker-67] INFO  o.e.m.c.i.embedder.EclipseLogger - Using 'UTF-8' encoding to copy filtered resources.
2015-09-07 21:58:33,171 [Worker-67] INFO  o.e.m.c.i.embedder.EclipseLogger - Copying 0 resource
2015-09-07 21:58:33,174 [Worker-67] INFO  o.e.m.c.i.embedder.EclipseLogger - Using 'UTF-8' encoding to copy filtered resources.
2015-09-07 21:58:33,175 [Worker-67] INFO  o.e.m.c.i.embedder.EclipseLogger - skip non existing resourceDirectory C:\Users\Bel\Java\Demo\TV_E2E\src\test\resources
2015-09-07 22:01:16,829 [Worker-67] INFO  o.e.m.c.i.embedder.EclipseLogger - Using 'UTF-8' encoding to copy filtered resources.
2015-09-07 22:01:16,830 [Worker-67] INFO  o.e.m.c.i.embedder.EclipseLogger - Copying 0 resource
2015-09-07 22:01:16,834 [Worker-67] INFO  o.e.m.c.i.embedder.EclipseLogger - Using 'UTF-8' encoding to copy filtered resources.
2015-09-07 22:01:16,834 [Worker-67] INFO  o.e.m.c.i.embedder.EclipseLogger - skip non existing resourceDirectory C:\Users\Bel\Java\Demo\TV_E2E\src\test\resources
2015-09-07 22:12:35,392 [Worker-93] INFO  o.e.m.c.i.embedder.EclipseLogger - Using 'UTF-8' encoding to copy filtered resources.
2015-09-07 22:12:35,393 [Worker-93] INFO  o.e.m.c.i.embedder.EclipseLogger - Copying 0 resource
2015-09-07 22:12:35,396 [Worker-93] INFO  o.e.m.c.i.embedder.EclipseLogger - Using 'UTF-8' encoding to copy filtered resources.
2015-09-07 22:12:35,397 [Worker-93] INFO  o.e.m.c.i.embedder.EclipseLogger - skip non existing resourceDirectory C:\Users\Bel\Java\Demo\TV_E2E\src\test\resources
2015-09-07 22:17:22,293 [Worker-102] INFO  o.e.m.c.i.embedder.EclipseLogger - Using 'UTF-8' encoding to copy filtered resources.
2015-09-07 22:17:22,294 [Worker-102] INFO  o.e.m.c.i.embedder.EclipseLogger - Copying 0 resource
2015-09-07 22:17:22,299 [Worker-102] INFO  o.e.m.c.i.embedder.EclipseLogger - Using 'UTF-8' encoding to copy filtered resources.
2015-09-07 22:17:22,299 [Worker-102] INFO  o.e.m.c.i.embedder.EclipseLogger - skip non existing resourceDirectory C:\Users\Bel\Java\Demo\TV_E2E\src\test\resources
2015-09-08 08:07:09,440 [Worker-112] INFO  o.e.m.c.i.embedder.EclipseLogger - Using 'UTF-8' encoding to copy filtered resources.
2015-09-08 08:07:09,442 [Worker-112] INFO  o.e.m.c.i.embedder.EclipseLogger - Copying 1 resource
2015-09-08 08:07:09,449 [Worker-112] INFO  o.e.m.c.i.embedder.EclipseLogger - Using 'UTF-8' encoding to copy filtered resources.
2015-09-08 08:07:09,450 [Worker-112] INFO  o.e.m.c.i.embedder.EclipseLogger - skip non existing resourceDirectory C:\Users\Bel\Java\Demo\TV_E2E\src\test\resources
2015-09-08 13:05:00,330 [Worker-126] INFO  o.e.m.c.i.embedder.EclipseLogger - Using 'UTF-8' encoding to copy filtered resources.
2015-09-08 13:05:00,331 [Worker-126] INFO  o.e.m.c.i.embedder.EclipseLogger - Copying 0 resource
2015-09-08 13:05:00,334 [Worker-126] INFO  o.e.m.c.i.embedder.EclipseLogger - Using 'UTF-8' encoding to copy filtered resources.
2015-09-08 13:05:00,335 [Worker-126] INFO  o.e.m.c.i.embedder.EclipseLogger - skip non existing resourceDirectory C:\Users\Bel\Java\Demo\TV_E2E\src\test\resources
2015-09-08 13:05:14,215 [Worker-125] INFO  o.e.m.c.i.embedder.EclipseLogger - Using 'UTF-8' encoding to copy filtered resources.
2015-09-08 13:05:14,216 [Worker-125] INFO  o.e.m.c.i.embedder.EclipseLogger - Copying 1 resource
2015-09-08 13:05:14,220 [Worker-125] INFO  o.e.m.c.i.embedder.EclipseLogger - Using 'UTF-8' encoding to copy filtered resources.
2015-09-08 13:05:14,220 [Worker-125] INFO  o.e.m.c.i.embedder.EclipseLogger - skip non existing resourceDirectory C:\Users\Bel\Java\Demo\TV_E2E\src\test\resources
2015-09-08 13:07:40,814 [Worker-125] INFO  o.e.m.c.i.embedder.EclipseLogger - Using 'UTF-8' encoding to copy filtered resources.
2015-09-08 13:07:40,815 [Worker-125] INFO  o.e.m.c.i.embedder.EclipseLogger - Copying 0 resource
2015-09-08 13:07:40,817 [Worker-125] INFO  o.e.m.c.i.embedder.EclipseLogger - Using 'UTF-8' encoding to copy filtered resources.
2015-09-08 13:07:40,818 [Worker-125] INFO  o.e.m.c.i.embedder.EclipseLogger - skip non existing resourceDirectory C:\Users\Bel\Java\Demo\TV_E2E\src\test\resources
2015-09-08 13:46:25,746 [Worker-129] INFO  o.e.m.c.i.embedder.EclipseLogger - Using 'UTF-8' encoding to copy filtered resources.
2015-09-08 13:46:25,748 [Worker-129] INFO  o.e.m.c.i.embedder.EclipseLogger - Copying 1 resource
2015-09-08 13:46:25,755 [Worker-129] INFO  o.e.m.c.i.embedder.EclipseLogger - Using 'UTF-8' encoding to copy filtered resources.
2015-09-08 13:46:25,756 [Worker-129] INFO  o.e.m.c.i.embedder.EclipseLogger - skip non existing resourceDirectory C:\Users\Bel\Java\Demo\TV_E2E\src\test\resources
2015-09-08 14:33:51,052 [Worker-175] INFO  o.e.m.c.i.embedder.EclipseLogger - Using 'UTF-8' encoding to copy filtered resources.
2015-09-08 14:33:51,055 [Worker-175] INFO  o.e.m.c.i.embedder.EclipseLogger - Copying 1 resource
2015-09-08 14:33:51,065 [Worker-175] INFO  o.e.m.c.i.embedder.EclipseLogger - Using 'UTF-8' encoding to copy filtered resources.
2015-09-08 14:33:51,070 [Worker-175] INFO  o.e.m.c.i.embedder.EclipseLogger - skip non existing resourceDirectory C:\Users\Bel\Java\Demo\TV_E2E\src\test\resources
2015-09-08 14:54:11,106 [Worker-21] INFO  o.e.m.c.i.embedder.EclipseLogger - Using 'UTF-8' encoding to copy filtered resources.
2015-09-08 14:54:11,246 [Worker-21] INFO  o.e.m.c.i.embedder.EclipseLogger - Copying 1 resource
2015-09-08 14:54:11,309 [Worker-21] INFO  o.e.m.c.i.embedder.EclipseLogger - Using 'UTF-8' encoding to copy filtered resources.
2015-09-08 14:54:11,309 [Worker-21] INFO  o.e.m.c.i.embedder.EclipseLogger - skip non existing resourceDirectory C:\Users\Bel\Java\Demo\TV_E2E\src\test\resources
2015-09-08 15:09:53,775 [Worker-27] INFO  o.e.m.c.i.embedder.EclipseLogger - Using 'UTF-8' encoding to copy filtered resources.
2015-09-08 15:09:53,791 [Worker-27] INFO  o.e.m.c.i.embedder.EclipseLogger - Copying 0 resource
2015-09-08 15:09:53,791 [Worker-27] INFO  o.e.m.c.i.embedder.EclipseLogger - Using 'UTF-8' encoding to copy filtered resources.
2015-09-08 15:09:53,791 [Worker-27] INFO  o.e.m.c.i.embedder.EclipseLogger - skip non existing resourceDirectory C:\Users\Bel\Java\Demo\TV_E2E\src\test\resources
2015-09-08 15:10:11,142 [Worker-25] INFO  o.e.m.c.i.embedder.EclipseLogger - Using 'UTF-8' encoding to copy filtered resources.
2015-09-08 15:10:11,158 [Worker-25] INFO  o.e.m.c.i.embedder.EclipseLogger - Copying 0 resource
2015-09-08 15:10:11,158 [Worker-25] INFO  o.e.m.c.i.embedder.EclipseLogger - Using 'UTF-8' encoding to copy filtered resources.
2015-09-08 15:10:11,158 [Worker-25] INFO  o.e.m.c.i.embedder.EclipseLogger - skip non existing resourceDirectory C:\Users\Bel\Java\Demo\TV_E2E\src\test\resources
2015-09-08 15:10:58,652 [Worker-27] INFO  o.e.m.c.i.embedder.EclipseLogger - Using 'UTF-8' encoding to copy filtered resources.
2015-09-08 15:10:58,667 [Worker-27] INFO  o.e.m.c.i.embedder.EclipseLogger - Copying 1 resource
2015-09-08 15:10:58,667 [Worker-27] INFO  o.e.m.c.i.embedder.EclipseLogger - Using 'UTF-8' encoding to copy filtered resources.
2015-09-08 15:10:58,667 [Worker-27] INFO  o.e.m.c.i.embedder.EclipseLogger - skip non existing resourceDirectory C:\Users\Bel\Java\Demo\TV_E2E\src\test\resources
2015-09-08 15:11:17,779 [Worker-27] INFO  o.e.m.c.i.embedder.EclipseLogger - Using 'UTF-8' encoding to copy filtered resources.
2015-09-08 15:11:17,779 [Worker-27] INFO  o.e.m.c.i.embedder.EclipseLogger - Copying 0 resource
2015-09-08 15:11:17,779 [Worker-27] INFO  o.e.m.c.i.embedder.EclipseLogger - Using 'UTF-8' encoding to copy filtered resources.
2015-09-08 15:11:17,779 [Worker-27] INFO  o.e.m.c.i.embedder.EclipseLogger - skip non existing resourceDirectory C:\Users\Bel\Java\Demo\TV_E2E\src\test\resources
2015-09-08 15:14:43,141 [Worker-27] INFO  o.e.m.c.i.l.LifecycleMappingFactory - Using org.eclipse.m2e.jdt.JarLifecycleMapping lifecycle mapping for MavenProject: core:TV_E2E:1.0 @ C:\Users\Bel\Java\Demo\TV_E2E\pom.xml.
2015-09-08 15:14:50,991 [Worker-27] INFO  o.e.m.c.i.embedder.EclipseLogger - Using 'UTF-8' encoding to copy filtered resources.
2015-09-08 15:14:50,991 [Worker-27] INFO  o.e.m.c.i.embedder.EclipseLogger - Copying 0 resource
2015-09-08 15:14:51,007 [Worker-27] INFO  o.e.m.c.i.embedder.EclipseLogger - Using 'UTF-8' encoding to copy filtered resources.
2015-09-08 15:14:51,007 [Worker-27] INFO  o.e.m.c.i.embedder.EclipseLogger - skip non existing resourceDirectory C:\Users\Bel\Java\Demo\TV_E2E\src\test\resources
2015-09-08 15:14:56,079 [Worker-25] INFO  o.e.m.c.i.embedder.EclipseLogger - Using 'UTF-8' encoding to copy filtered resources.
2015-09-08 15:14:56,079 [Worker-25] INFO  o.e.m.c.i.embedder.EclipseLogger - Copying 1 resource
2015-09-08 15:14:56,110 [Worker-25] INFO  o.e.m.c.i.embedder.EclipseLogger - Using 'UTF-8' encoding to copy filtered resources.
2015-09-08 15:14:56,110 [Worker-25] INFO  o.e.m.c.i.embedder.EclipseLogger - skip non existing resourceDirectory C:\Users\Bel\Java\Demo\TV_E2E\src\test\resources
2015-09-08 16:12:16,621 [Worker-46] INFO  o.e.m.c.i.l.LifecycleMappingFactory - Using org.eclipse.m2e.jdt.JarLifecycleMapping lifecycle mapping for MavenProject: core:TV_E2E:1.0 @ C:\Users\Bel\Java\Demo\TV_E2E\pom.xml.
2015-09-08 16:12:20,334 [Worker-46] INFO  o.e.m.c.i.embedder.EclipseLogger - Using 'UTF-8' encoding to copy filtered resources.
2015-09-08 16:12:20,350 [Worker-46] INFO  o.e.m.c.i.embedder.EclipseLogger - Copying 0 resource
2015-09-08 16:12:20,350 [Worker-46] INFO  o.e.m.c.i.embedder.EclipseLogger - Using 'UTF-8' encoding to copy filtered resources.
2015-09-08 16:12:20,350 [Worker-46] INFO  o.e.m.c.i.embedder.EclipseLogger - skip non existing resourceDirectory C:\Users\Bel\Java\Demo\TV_E2E\src\test\resources
2015-09-08 16:13:11,690 [Worker-46] INFO  o.e.m.c.i.l.LifecycleMappingFactory - Using org.eclipse.m2e.jdt.JarLifecycleMapping lifecycle mapping for MavenProject: core:TV_E2E:1.0 @ C:\Users\Bel\Java\Demo\TV_E2E\pom.xml.
2015-09-08 16:13:15,855 [Worker-46] INFO  o.e.m.c.i.embedder.EclipseLogger - Using 'UTF-8' encoding to copy filtered resources.
2015-09-08 16:13:15,855 [Worker-46] INFO  o.e.m.c.i.embedder.EclipseLogger - Copying 0 resource
2015-09-08 16:13:15,855 [Worker-46] INFO  o.e.m.c.i.embedder.EclipseLogger - Using 'UTF-8' encoding to copy filtered resources.
2015-09-08 16:13:15,870 [Worker-46] INFO  o.e.m.c.i.embedder.EclipseLogger - skip non existing resourceDirectory C:\Users\Bel\Java\Demo\TV_E2E\src\test\resources
2015-09-08 16:16:27,891 [Worker-46] INFO  o.e.m.c.i.l.LifecycleMappingFactory - Using org.eclipse.m2e.jdt.JarLifecycleMapping lifecycle mapping for MavenProject: core:TV_E2E:1.0 @ C:\Users\Bel\Java\Demo\TV_E2E\pom.xml.
2015-09-08 16:16:32,446 [Worker-46] INFO  o.e.m.c.i.embedder.EclipseLogger - Using 'UTF-8' encoding to copy filtered resources.
2015-09-08 16:16:32,446 [Worker-46] INFO  o.e.m.c.i.embedder.EclipseLogger - Copying 0 resource
2015-09-08 16:16:32,462 [Worker-46] INFO  o.e.m.c.i.embedder.EclipseLogger - Using 'UTF-8' encoding to copy filtered resources.
2015-09-08 16:16:32,462 [Worker-46] INFO  o.e.m.c.i.embedder.EclipseLogger - skip non existing resourceDirectory C:\Users\Bel\Java\Demo\TV_E2E\src\test\resources
2015-09-08 16:18:04,409 [Worker-46] INFO  o.e.m.c.i.embedder.EclipseLogger - Using 'UTF-8' encoding to copy filtered resources.
2015-09-08 16:18:04,409 [Worker-46] INFO  o.e.m.c.i.embedder.EclipseLogger - Copying 1 resource
2015-09-08 16:18:04,425 [Worker-46] INFO  o.e.m.c.i.embedder.EclipseLogger - Using 'UTF-8' encoding to copy filtered resources.
2015-09-08 16:18:04,425 [Worker-46] INFO  o.e.m.c.i.embedder.EclipseLogger - skip non existing resourceDirectory C:\Users\Bel\Java\Demo\TV_E2E\src\test\resources
2015-09-08 16:26:58,056 [Worker-60] INFO  o.e.m.c.i.l.LifecycleMappingFactory - Using org.eclipse.m2e.jdt.JarLifecycleMapping lifecycle mapping for MavenProject: core:TV_E2E:1.0 @ C:\Users\Bel\Java\Demo\TV_E2E\pom.xml.
2015-09-08 16:27:00,116 [Worker-60] INFO  o.e.m.c.i.embedder.EclipseLogger - Using 'UTF-8' encoding to copy filtered resources.
2015-09-08 16:27:00,132 [Worker-60] INFO  o.e.m.c.i.embedder.EclipseLogger - Copying 0 resource
2015-09-08 16:27:00,132 [Worker-60] INFO  o.e.m.c.i.embedder.EclipseLogger - Using 'UTF-8' encoding to copy filtered resources.
2015-09-08 16:27:00,132 [Worker-60] INFO  o.e.m.c.i.embedder.EclipseLogger - skip non existing resourceDirectory C:\Users\Bel\Java\Demo\TV_E2E\src\test\resources
2015-09-08 16:27:03,128 [Worker-61] INFO  o.e.m.c.i.embedder.EclipseLogger - Using 'UTF-8' encoding to copy filtered resources.
2015-09-08 16:27:03,128 [Worker-61] INFO  o.e.m.c.i.embedder.EclipseLogger - Copying 1 resource
2015-09-08 16:27:03,143 [Worker-61] INFO  o.e.m.c.i.embedder.EclipseLogger - Using 'UTF-8' encoding to copy filtered resources.
2015-09-08 16:27:03,143 [Worker-61] INFO  o.e.m.c.i.embedder.EclipseLogger - skip non existing resourceDirectory C:\Users\Bel\Java\Demo\TV_E2E\src\test\resources
2015-09-08 16:33:29,721 [Worker-58] INFO  o.e.m.c.i.l.LifecycleMappingFactory - Using org.eclipse.m2e.jdt.JarLifecycleMapping lifecycle mapping for MavenProject: core:TV_E2E:1.0 @ C:\Users\Bel\Java\Demo\TV_E2E\pom.xml.
2015-09-08 16:33:33,014 [Worker-58] INFO  o.e.m.c.i.embedder.EclipseLogger - Using 'UTF-8' encoding to copy filtered resources.
2015-09-08 16:33:33,014 [Worker-58] INFO  o.e.m.c.i.embedder.EclipseLogger - Copying 0 resource
2015-09-08 16:33:33,014 [Worker-58] INFO  o.e.m.c.i.embedder.EclipseLogger - Using 'UTF-8' encoding to copy filtered resources.
2015-09-08 16:33:33,014 [Worker-58] INFO  o.e.m.c.i.embedder.EclipseLogger - skip non existing resourceDirectory C:\Users\Bel\Java\Demo\TV_E2E\src\test\resources
2015-09-08 16:33:38,866 [Worker-63] INFO  o.e.m.c.i.embedder.EclipseLogger - Using 'UTF-8' encoding to copy filtered resources.
2015-09-08 16:33:38,866 [Worker-63] INFO  o.e.m.c.i.embedder.EclipseLogger - Copying 1 resource
2015-09-08 16:33:38,897 [Worker-63] INFO  o.e.m.c.i.embedder.EclipseLogger - Using 'UTF-8' encoding to copy filtered resources.
2015-09-08 16:33:38,897 [Worker-63] INFO  o.e.m.c.i.embedder.EclipseLogger - skip non existing resourceDirectory C:\Users\Bel\Java\Demo\TV_E2E\src\test\resources
2015-09-08 16:34:16,730 [Worker-65] INFO  o.e.m.c.i.l.LifecycleMappingFactory - Using org.eclipse.m2e.jdt.JarLifecycleMapping lifecycle mapping for MavenProject: core:TV_E2E:1.0 @ C:\Users\Bel\Java\Demo\TV_E2E\pom.xml.
2015-09-08 16:34:18,914 [Worker-65] INFO  o.e.m.c.i.embedder.EclipseLogger - Using 'UTF-8' encoding to copy filtered resources.
2015-09-08 16:34:18,930 [Worker-65] INFO  o.e.m.c.i.embedder.EclipseLogger - Copying 0 resource
2015-09-08 16:34:18,930 [Worker-65] INFO  o.e.m.c.i.embedder.EclipseLogger - Using 'UTF-8' encoding to copy filtered resources.
2015-09-08 16:34:18,930 [Worker-65] INFO  o.e.m.c.i.embedder.EclipseLogger - skip non existing resourceDirectory C:\Users\Bel\Java\Demo\TV_E2E\src\test\resources
2015-09-08 16:34:21,550 [Worker-58] INFO  o.e.m.c.i.embedder.EclipseLogger - Using 'UTF-8' encoding to copy filtered resources.
2015-09-08 16:34:21,550 [Worker-58] INFO  o.e.m.c.i.embedder.EclipseLogger - Copying 1 resource
2015-09-08 16:34:21,582 [Worker-58] INFO  o.e.m.c.i.embedder.EclipseLogger - Using 'UTF-8' encoding to copy filtered resources.
2015-09-08 16:34:21,582 [Worker-58] INFO  o.e.m.c.i.embedder.EclipseLogger - skip non existing resourceDirectory C:\Users\Bel\Java\Demo\TV_E2E\src\test\resources
2015-09-08 16:43:11,132 [Worker-70] INFO  o.e.m.c.i.l.LifecycleMappingFactory - Using org.eclipse.m2e.jdt.JarLifecycleMapping lifecycle mapping for MavenProject: core:TV_E2E:1.0 @ C:\Users\Bel\Java\Demo\TV_E2E\pom.xml.
2015-09-08 16:43:16,140 [Worker-70] INFO  o.e.m.c.i.embedder.EclipseLogger - Using 'UTF-8' encoding to copy filtered resources.
2015-09-08 16:43:16,140 [Worker-70] INFO  o.e.m.c.i.embedder.EclipseLogger - Copying 0 resource
2015-09-08 16:43:16,140 [Worker-70] INFO  o.e.m.c.i.embedder.EclipseLogger - Using 'UTF-8' encoding to copy filtered resources.
2015-09-08 16:43:16,140 [Worker-70] INFO  o.e.m.c.i.embedder.EclipseLogger - skip non existing resourceDirectory C:\Users\Bel\Java\Demo\TV_E2E\src\test\resources
2015-09-08 16:43:21,055 [Worker-67] INFO  o.e.m.c.i.embedder.EclipseLogger - Using 'UTF-8' encoding to copy filtered resources.
2015-09-08 16:43:21,055 [Worker-67] INFO  o.e.m.c.i.embedder.EclipseLogger - Copying 1 resource
2015-09-08 16:43:21,086 [Worker-67] INFO  o.e.m.c.i.embedder.EclipseLogger - Using 'UTF-8' encoding to copy filtered resources.
2015-09-08 16:43:21,086 [Worker-67] INFO  o.e.m.c.i.embedder.EclipseLogger - skip non existing resourceDirectory C:\Users\Bel\Java\Demo\TV_E2E\src\test\resources
2015-09-08 16:46:46,237 [Worker-71] INFO  o.e.m.c.i.embedder.EclipseLogger - Using 'UTF-8' encoding to copy filtered resources.
2015-09-08 16:46:46,237 [Worker-71] INFO  o.e.m.c.i.embedder.EclipseLogger - Copying 1 resource
2015-09-08 16:46:46,268 [Worker-71] INFO  o.e.m.c.i.embedder.EclipseLogger - Using 'UTF-8' encoding to copy filtered resources.
2015-09-08 16:46:46,268 [Worker-71] INFO  o.e.m.c.i.embedder.EclipseLogger - skip non existing resourceDirectory C:\Users\Bel\Java\Demo\TV_E2E\src\test\resources
2015-09-08 16:47:21,731 [Worker-74] INFO  o.e.m.c.i.embedder.EclipseLogger - Using 'UTF-8' encoding to copy filtered resources.
2015-09-08 16:47:21,731 [Worker-74] INFO  o.e.m.c.i.embedder.EclipseLogger - Copying 1 resource
2015-09-08 16:47:21,731 [Worker-74] INFO  o.e.m.c.i.embedder.EclipseLogger - Using 'UTF-8' encoding to copy filtered resources.
2015-09-08 16:47:21,731 [Worker-74] INFO  o.e.m.c.i.embedder.EclipseLogger - skip non existing resourceDirectory C:\Users\Bel\Java\Demo\TV_E2E\src\test\resources
2015-09-08 16:50:34,536 [Worker-70] INFO  o.e.m.c.i.embedder.EclipseLogger - Using 'UTF-8' encoding to copy filtered resources.
2015-09-08 16:50:34,536 [Worker-70] INFO  o.e.m.c.i.embedder.EclipseLogger - Copying 1 resource
2015-09-08 16:50:34,551 [Worker-70] INFO  o.e.m.c.i.embedder.EclipseLogger - Using 'UTF-8' encoding to copy filtered resources.
2015-09-08 16:50:34,551 [Worker-70] INFO  o.e.m.c.i.embedder.EclipseLogger - skip non existing resourceDirectory C:\Users\Bel\Java\Demo\TV_E2E\src\test\resources
2015-09-08 16:54:47,638 [Worker-76] INFO  o.e.m.c.i.embedder.EclipseLogger - Using 'UTF-8' encoding to copy filtered resources.
2015-09-08 16:54:47,638 [Worker-76] INFO  o.e.m.c.i.embedder.EclipseLogger - Copying 1 resource
2015-09-08 16:54:47,638 [Worker-76] INFO  o.e.m.c.i.embedder.EclipseLogger - Using 'UTF-8' encoding to copy filtered resources.
2015-09-08 16:54:47,638 [Worker-76] INFO  o.e.m.c.i.embedder.EclipseLogger - skip non existing resourceDirectory C:\Users\Bel\Java\Demo\TV_E2E\src\test\resources
2015-09-08 16:55:15,173 [Worker-75] INFO  o.e.m.c.i.embedder.EclipseLogger - Using 'UTF-8' encoding to copy filtered resources.
2015-09-08 16:55:15,173 [Worker-75] INFO  o.e.m.c.i.embedder.EclipseLogger - Copying 1 resource
2015-09-08 16:55:15,189 [Worker-75] INFO  o.e.m.c.i.embedder.EclipseLogger - Using 'UTF-8' encoding to copy filtered resources.
2015-09-08 16:55:15,189 [Worker-75] INFO  o.e.m.c.i.embedder.EclipseLogger - skip non existing resourceDirectory C:\Users\Bel\Java\Demo\TV_E2E\src\test\resources
2015-09-08 16:57:26,896 [Worker-77] INFO  o.e.m.c.i.embedder.EclipseLogger - Using 'UTF-8' encoding to copy filtered resources.
2015-09-08 16:57:26,912 [Worker-77] INFO  o.e.m.c.i.embedder.EclipseLogger - Copying 1 resource
2015-09-08 16:57:26,912 [Worker-77] INFO  o.e.m.c.i.embedder.EclipseLogger - Using 'UTF-8' encoding to copy filtered resources.
2015-09-08 16:57:26,912 [Worker-77] INFO  o.e.m.c.i.embedder.EclipseLogger - skip non existing resourceDirectory C:\Users\Bel\Java\Demo\TV_E2E\src\test\resources
2015-09-08 16:58:01,990 [Worker-70] INFO  o.e.m.i.launch.MavenLaunchDelegate - C:\Users\Bel\Java\Demo\TV_E2E
2015-09-08 16:58:01,990 [Worker-70] INFO  o.e.m.i.launch.MavenLaunchDelegate -  mvn  -B test
2015-09-08 16:58:13,839 [Worker-71] INFO  o.e.m.c.i.embedder.EclipseLogger - Using 'UTF-8' encoding to copy filtered resources.
2015-09-08 16:58:13,839 [Worker-71] INFO  o.e.m.c.i.embedder.EclipseLogger - Copying 1 resource
2015-09-08 16:58:13,855 [Worker-71] INFO  o.e.m.c.i.embedder.EclipseLogger - Using 'UTF-8' encoding to copy filtered resources.
2015-09-08 16:58:13,855 [Worker-71] INFO  o.e.m.c.i.embedder.EclipseLogger - skip non existing resourceDirectory C:\Users\Bel\Java\Demo\TV_E2E\src\test\resources
2015-09-08 16:59:01,938 [Worker-71] INFO  o.e.m.i.launch.MavenLaunchDelegate - C:\Users\Bel\Java\Demo\TV_E2E
2015-09-08 16:59:01,938 [Worker-71] INFO  o.e.m.i.launch.MavenLaunchDelegate -  mvn  -B clean
2015-09-08 16:59:07,589 [Worker-70] INFO  o.e.m.c.i.embedder.EclipseLogger - Using 'UTF-8' encoding to copy filtered resources.
2015-09-08 16:59:07,589 [Worker-70] INFO  o.e.m.c.i.embedder.EclipseLogger - Copying 1 resource
2015-09-08 16:59:07,605 [Worker-70] INFO  o.e.m.c.i.embedder.EclipseLogger - Using 'UTF-8' encoding to copy filtered resources.
2015-09-08 16:59:07,605 [Worker-70] INFO  o.e.m.c.i.embedder.EclipseLogger - skip non existing resourceDirectory C:\Users\Bel\Java\Demo\TV_E2E\src\test\resources
2015-09-08 16:59:37,384 [Worker-71] INFO  o.e.m.i.launch.MavenLaunchDelegate - C:\Users\Bel\Java\Demo\TV_E2E
2015-09-08 16:59:37,384 [Worker-71] INFO  o.e.m.i.launch.MavenLaunchDelegate -  mvn  -B clean
2015-09-08 16:59:42,853 [Worker-75] INFO  o.e.m.c.i.embedder.EclipseLogger - Using 'UTF-8' encoding to copy filtered resources.
2015-09-08 16:59:42,853 [Worker-75] INFO  o.e.m.c.i.embedder.EclipseLogger - Copying 1 resource
2015-09-08 16:59:42,853 [Worker-75] INFO  o.e.m.c.i.embedder.EclipseLogger - Using 'UTF-8' encoding to copy filtered resources.
2015-09-08 16:59:42,853 [Worker-75] INFO  o.e.m.c.i.embedder.EclipseLogger - skip non existing resourceDirectory C:\Users\Bel\Java\Demo\TV_E2E\src\test\resources
2015-09-08 16:59:54,266 [Worker-76] INFO  o.e.m.i.launch.MavenLaunchDelegate - C:\Users\Bel\Java\Demo\TV_E2E
2015-09-08 16:59:54,266 [Worker-76] INFO  o.e.m.i.launch.MavenLaunchDelegate -  mvn  -B test
2015-09-08 17:00:06,131 [Worker-75] INFO  o.e.m.c.i.embedder.EclipseLogger - Using 'UTF-8' encoding to copy filtered resources.
2015-09-08 17:00:06,131 [Worker-75] INFO  o.e.m.c.i.embedder.EclipseLogger - Copying 0 resource
2015-09-08 17:00:06,131 [Worker-75] INFO  o.e.m.c.i.embedder.EclipseLogger - Using 'UTF-8' encoding to copy filtered resources.
2015-09-08 17:00:06,131 [Worker-75] INFO  o.e.m.c.i.embedder.EclipseLogger - skip non existing resourceDirectory C:\Users\Bel\Java\Demo\TV_E2E\src\test\resources
2015-09-08 17:06:06,290 [Worker-82] INFO  o.e.m.c.i.embedder.EclipseLogger - Using 'UTF-8' encoding to copy filtered resources.
2015-09-08 17:06:06,290 [Worker-82] INFO  o.e.m.c.i.embedder.EclipseLogger - Copying 1 resource
2015-09-08 17:06:06,290 [Worker-82] INFO  o.e.m.c.i.embedder.EclipseLogger - Using 'UTF-8' encoding to copy filtered resources.
2015-09-08 17:06:06,290 [Worker-82] INFO  o.e.m.c.i.embedder.EclipseLogger - skip non existing resourceDirectory C:\Users\Bel\Java\Demo\TV_E2E\src\test\resources
2015-09-08 17:18:55,760 [Worker-85] INFO  o.e.m.c.i.l.LifecycleMappingFactory - Using org.eclipse.m2e.jdt.JarLifecycleMapping lifecycle mapping for MavenProject: core:TV_E2E:$(build.version) @ C:\Users\Bel\Java\Demo\TV_E2E\pom.xml.
2015-09-08 17:18:59,716 [Worker-85] INFO  o.e.m.c.i.embedder.EclipseLogger - Using 'UTF-8' encoding to copy filtered resources.
2015-09-08 17:18:59,716 [Worker-85] INFO  o.e.m.c.i.embedder.EclipseLogger - Copying 0 resource
2015-09-08 17:18:59,716 [Worker-85] INFO  o.e.m.c.i.embedder.EclipseLogger - Using 'UTF-8' encoding to copy filtered resources.
2015-09-08 17:18:59,716 [Worker-85] INFO  o.e.m.c.i.embedder.EclipseLogger - skip non existing resourceDirectory C:\Users\Bel\Java\Demo\TV_E2E\src\test\resources
2015-09-08 17:31:33,069 [Worker-93] INFO  o.e.m.c.i.l.LifecycleMappingFactory - Using org.eclipse.m2e.jdt.JarLifecycleMapping lifecycle mapping for MavenProject: core:TV_E2E:${build.version} @ C:\Users\Bel\Java\Demo\TV_E2E\pom.xml.
2015-09-08 17:31:37,827 [Worker-93] INFO  o.e.m.c.i.embedder.EclipseLogger - Using 'UTF-8' encoding to copy filtered resources.
2015-09-08 17:31:37,827 [Worker-93] INFO  o.e.m.c.i.embedder.EclipseLogger - Copying 0 resource
2015-09-08 17:31:37,843 [Worker-93] INFO  o.e.m.c.i.embedder.EclipseLogger - Using 'UTF-8' encoding to copy filtered resources.
2015-09-08 17:31:37,843 [Worker-93] INFO  o.e.m.c.i.embedder.EclipseLogger - skip non existing resourceDirectory C:\Users\Bel\Java\Demo\TV_E2E\src\test\resources
2015-09-08 17:44:19,400 [Worker-97] INFO  o.e.m.c.i.l.LifecycleMappingFactory - Using org.eclipse.m2e.jdt.JarLifecycleMapping lifecycle mapping for MavenProject: core:TV_E2E:${build.version} @ C:\Users\Bel\Java\Demo\TV_E2E\pom.xml.
2015-09-08 17:44:23,596 [Worker-97] INFO  o.e.m.c.i.embedder.EclipseLogger - Using 'UTF-8' encoding to copy filtered resources.
2015-09-08 17:44:23,600 [Worker-97] INFO  o.e.m.c.i.embedder.EclipseLogger - Copying 0 resource
2015-09-08 17:44:23,605 [Worker-97] INFO  o.e.m.c.i.embedder.EclipseLogger - Using 'UTF-8' encoding to copy filtered resources.
2015-09-08 17:44:23,605 [Worker-97] INFO  o.e.m.c.i.embedder.EclipseLogger - skip non existing resourceDirectory C:\Users\Bel\Java\Demo\TV_E2E\src\test\resources
2015-09-08 20:26:23,029 [Worker-105] INFO  o.e.m.c.i.embedder.EclipseLogger - Using 'UTF-8' encoding to copy filtered resources.
2015-09-08 20:26:23,045 [Worker-105] INFO  o.e.m.c.i.embedder.EclipseLogger - Copying 1 resource
2015-09-08 20:26:23,045 [Worker-105] INFO  o.e.m.c.i.embedder.EclipseLogger - Using 'UTF-8' encoding to copy filtered resources.
2015-09-08 20:26:23,045 [Worker-105] INFO  o.e.m.c.i.embedder.EclipseLogger - skip non existing resourceDirectory C:\Users\Bel\Java\Demo\TV_E2E\src\test\resources
2015-09-09 22:43:40,065 [Worker-184] INFO  o.e.m.c.i.l.LifecycleMappingFactory - Using org.eclipse.m2e.jdt.JarLifecycleMapping lifecycle mapping for MavenProject: core:TV_E2E:${build.version} @ C:\Users\Bel\Java\Demo\TV_E2E\pom.xml.
2015-09-09 22:43:44,459 [Worker-184] INFO  o.e.m.c.i.embedder.EclipseLogger - Using 'UTF-8' encoding to copy filtered resources.
2015-09-09 22:43:44,474 [Worker-184] INFO  o.e.m.c.i.embedder.EclipseLogger - Copying 0 resource
2015-09-09 22:43:44,474 [Worker-184] INFO  o.e.m.c.i.embedder.EclipseLogger - Using 'UTF-8' encoding to copy filtered resources.
2015-09-09 22:43:44,474 [Worker-184] INFO  o.e.m.c.i.embedder.EclipseLogger - skip non existing resourceDirectory C:\Users\Bel\Java\Demo\TV_E2E\src\test\resources
2015-09-09 22:44:15,702 [Worker-186] INFO  o.e.m.c.i.embedder.EclipseLogger - Using 'UTF-8' encoding to copy filtered resources.
2015-09-09 22:44:15,718 [Worker-186] INFO  o.e.m.c.i.embedder.EclipseLogger - Copying 1 resource
2015-09-09 22:44:15,718 [Worker-186] INFO  o.e.m.c.i.embedder.EclipseLogger - Using 'UTF-8' encoding to copy filtered resources.
2015-09-09 22:44:15,718 [Worker-186] INFO  o.e.m.c.i.embedder.EclipseLogger - skip non existing resourceDirectory C:\Users\Bel\Java\Demo\TV_E2E\src\test\resources
2015-09-09 22:44:15,858 [Worker-174] INFO  o.e.m.c.i.embedder.EclipseLogger - Using 'UTF-8' encoding to copy filtered resources.
2015-09-09 22:44:15,858 [Worker-174] INFO  o.e.m.c.i.embedder.EclipseLogger - Copying 1 resource
2015-09-09 22:44:15,874 [Worker-174] INFO  o.e.m.c.i.embedder.EclipseLogger - Using 'UTF-8' encoding to copy filtered resources.
2015-09-09 22:44:15,874 [Worker-174] INFO  o.e.m.c.i.embedder.EclipseLogger - skip non existing resourceDirectory C:\Users\Bel\Java\Demo\TV_E2E\src\test\resources
2015-09-09 22:56:38,325 [Worker-184] INFO  o.e.m.c.i.embedder.EclipseLogger - Using 'UTF-8' encoding to copy filtered resources.
2015-09-09 22:56:38,325 [Worker-184] INFO  o.e.m.c.i.embedder.EclipseLogger - Copying 1 resource
2015-09-09 22:56:38,325 [Worker-184] INFO  o.e.m.c.i.embedder.EclipseLogger - Using 'UTF-8' encoding to copy filtered resources.
2015-09-09 22:56:38,325 [Worker-184] INFO  o.e.m.c.i.embedder.EclipseLogger - skip non existing resourceDirectory C:\Users\Bel\Java\Demo\TV_E2E\src\test\resources
2015-09-10 17:15:09,212 [Worker-221] INFO  o.e.m.c.i.l.LifecycleMappingFactory - Using org.eclipse.m2e.jdt.JarLifecycleMapping lifecycle mapping for MavenProject: core:TV_E2E:1.3 @ C:\Users\Bel\Java\Demo\TV_E2E\pom.xml.
2015-09-10 17:15:42,774 [Worker-221] INFO  o.e.m.c.i.embedder.EclipseLogger - Using 'UTF-8' encoding to copy filtered resources.
2015-09-10 17:15:42,834 [Worker-221] INFO  o.e.m.c.i.embedder.EclipseLogger - Copying 0 resource
2015-09-10 17:15:42,944 [Worker-221] INFO  o.e.m.c.i.embedder.EclipseLogger - Using 'UTF-8' encoding to copy filtered resources.
2015-09-10 17:15:42,944 [Worker-221] INFO  o.e.m.c.i.embedder.EclipseLogger - skip non existing resourceDirectory C:\Users\Bel\Java\Demo\TV_E2E\src\test\resources
2015-09-10 17:44:41,596 [Worker-229] INFO  o.e.m.c.i.l.LifecycleMappingFactory - Using org.eclipse.m2e.jdt.JarLifecycleMapping lifecycle mapping for MavenProject: core:TV_E2E:1.3 @ C:\Users\Bel\Java\Demo\TV_E2E\pom.xml.
2015-09-10 17:44:53,658 [Worker-229] INFO  o.e.m.c.i.embedder.EclipseLogger - Using 'UTF-8' encoding to copy filtered resources.
2015-09-10 17:44:53,658 [Worker-229] INFO  o.e.m.c.i.embedder.EclipseLogger - Copying 0 resource
2015-09-10 17:44:53,705 [Worker-229] INFO  o.e.m.c.i.embedder.EclipseLogger - Using 'UTF-8' encoding to copy filtered resources.
2015-09-10 17:44:53,705 [Worker-229] INFO  o.e.m.c.i.embedder.EclipseLogger - skip non existing resourceDirectory C:\Users\Bel\Java\Demo\TV_E2E\src\test\resources
2015-09-10 17:48:38,841 [Worker-229] INFO  o.e.m.c.i.l.LifecycleMappingFactory - Using org.eclipse.m2e.jdt.JarLifecycleMapping lifecycle mapping for MavenProject: core:TV_E2E:1.3 @ C:\Users\Bel\Java\Demo\TV_E2E\pom.xml.
2015-09-10 17:48:45,222 [Worker-229] INFO  o.e.m.c.i.embedder.EclipseLogger - Using 'UTF-8' encoding to copy filtered resources.
2015-09-10 17:48:45,222 [Worker-229] INFO  o.e.m.c.i.embedder.EclipseLogger - Copying 0 resource
2015-09-10 17:48:45,272 [Worker-229] INFO  o.e.m.c.i.embedder.EclipseLogger - Using 'UTF-8' encoding to copy filtered resources.
2015-09-10 17:48:45,272 [Worker-229] INFO  o.e.m.c.i.embedder.EclipseLogger - skip non existing resourceDirectory C:\Users\Bel\Java\Demo\TV_E2E\src\test\resources
2015-09-10 19:44:55,027 [Worker-270] INFO  o.e.m.c.i.l.LifecycleMappingFactory - Using org.eclipse.m2e.jdt.JarLifecycleMapping lifecycle mapping for MavenProject: core:TV_E2E:1.3 @ C:\Users\Bel\Java\Demo\TV_E2E\pom.xml.
2015-09-10 19:44:58,550 [Worker-270] INFO  o.e.m.c.i.embedder.EclipseLogger - Using 'UTF-8' encoding to copy filtered resources.
2015-09-10 19:44:58,550 [Worker-270] INFO  o.e.m.c.i.embedder.EclipseLogger - Copying 0 resource
2015-09-10 19:44:58,560 [Worker-270] INFO  o.e.m.c.i.embedder.EclipseLogger - Using 'UTF-8' encoding to copy filtered resources.
2015-09-10 19:44:58,560 [Worker-270] INFO  o.e.m.c.i.embedder.EclipseLogger - skip non existing resourceDirectory C:\Users\Bel\Java\Demo\TV_E2E\src\test\resources
2015-09-10 19:52:16,231 [Worker-271] INFO  o.e.m.c.i.l.LifecycleMappingFactory - Using org.eclipse.m2e.jdt.JarLifecycleMapping lifecycle mapping for MavenProject: core:TV_E2E:1.3 @ C:\Users\Bel\Java\Demo\TV_E2E\pom.xml.
2015-09-10 19:52:20,363 [Worker-271] INFO  o.e.m.c.i.embedder.EclipseLogger - Using 'UTF-8' encoding to copy filtered resources.
2015-09-10 19:52:20,363 [Worker-271] INFO  o.e.m.c.i.embedder.EclipseLogger - Copying 0 resource
2015-09-10 19:52:20,409 [Worker-271] INFO  o.e.m.c.i.embedder.EclipseLogger - Using 'UTF-8' encoding to copy filtered resources.
2015-09-10 19:52:20,409 [Worker-271] INFO  o.e.m.c.i.embedder.EclipseLogger - skip non existing resourceDirectory C:\Users\Bel\Java\Demo\TV_E2E\src\test\resources
2015-09-10 19:56:03,130 [Worker-276] INFO  o.e.m.c.i.l.LifecycleMappingFactory - Using org.eclipse.m2e.jdt.JarLifecycleMapping lifecycle mapping for MavenProject: core:TV_E2E:1.3 @ C:\Users\Bel\Java\Demo\TV_E2E\pom.xml.
2015-09-10 19:56:06,514 [Worker-276] INFO  o.e.m.c.i.embedder.EclipseLogger - Using 'UTF-8' encoding to copy filtered resources.
2015-09-10 19:56:06,524 [Worker-276] INFO  o.e.m.c.i.embedder.EclipseLogger - Copying 0 resource
2015-09-10 19:56:06,524 [Worker-276] INFO  o.e.m.c.i.embedder.EclipseLogger - Using 'UTF-8' encoding to copy filtered resources.
2015-09-10 19:56:06,524 [Worker-276] INFO  o.e.m.c.i.embedder.EclipseLogger - skip non existing resourceDirectory C:\Users\Bel\Java\Demo\TV_E2E\src\test\resources
2015-09-10 20:25:42,617 [Worker-286] INFO  o.e.m.c.i.l.LifecycleMappingFactory - Using org.eclipse.m2e.jdt.JarLifecycleMapping lifecycle mapping for MavenProject: core:TV_E2E:1.3 @ C:\Users\Bel\Java\Demo\TV_E2E\pom.xml.
2015-09-10 20:25:47,034 [Worker-286] INFO  o.e.m.c.i.embedder.EclipseLogger - Using 'UTF-8' encoding to copy filtered resources.
2015-09-10 20:25:47,039 [Worker-286] INFO  o.e.m.c.i.embedder.EclipseLogger - Copying 0 resource
2015-09-10 20:25:47,044 [Worker-286] INFO  o.e.m.c.i.embedder.EclipseLogger - Using 'UTF-8' encoding to copy filtered resources.
2015-09-10 20:25:47,045 [Worker-286] INFO  o.e.m.c.i.embedder.EclipseLogger - skip non existing resourceDirectory C:\Users\Bel\Java\Demo\TV_E2E\src\test\resources
2015-09-10 20:41:23,887 [Worker-292] INFO  o.e.m.c.i.l.LifecycleMappingFactory - Using org.eclipse.m2e.jdt.JarLifecycleMapping lifecycle mapping for MavenProject: core:TV_E2E:${build.number} @ C:\Users\Bel\Java\Demo\TV_E2E\pom.xml.
2015-09-10 20:41:27,829 [Worker-292] INFO  o.e.m.c.i.embedder.EclipseLogger - Using 'UTF-8' encoding to copy filtered resources.
2015-09-10 20:41:27,829 [Worker-292] INFO  o.e.m.c.i.embedder.EclipseLogger - Copying 0 resource
2015-09-10 20:41:27,839 [Worker-292] INFO  o.e.m.c.i.embedder.EclipseLogger - Using 'UTF-8' encoding to copy filtered resources.
2015-09-10 20:41:27,839 [Worker-292] INFO  o.e.m.c.i.embedder.EclipseLogger - skip non existing resourceDirectory C:\Users\Bel\Java\Demo\TV_E2E\src\test\resources
2015-09-10 21:11:39,460 [Worker-292] INFO  o.e.m.c.i.embedder.EclipseLogger - Using 'UTF-8' encoding to copy filtered resources.
2015-09-10 21:11:39,470 [Worker-292] INFO  o.e.m.c.i.embedder.EclipseLogger - Copying 1 resource
2015-09-10 21:11:39,520 [Worker-292] INFO  o.e.m.c.i.embedder.EclipseLogger - Using 'UTF-8' encoding to copy filtered resources.
2015-09-10 21:11:39,520 [Worker-292] INFO  o.e.m.c.i.embedder.EclipseLogger - skip non existing resourceDirectory C:\Users\Bel\Java\Demo\TV_E2E\src\test\resources
2015-09-10 21:14:00,217 [Worker-298] INFO  o.e.m.c.i.embedder.EclipseLogger - Using 'UTF-8' encoding to copy filtered resources.
2015-09-10 21:14:00,232 [Worker-298] INFO  o.e.m.c.i.embedder.EclipseLogger - Copying 1 resource
2015-09-10 21:14:00,232 [Worker-298] INFO  o.e.m.c.i.embedder.EclipseLogger - Using 'UTF-8' encoding to copy filtered resources.
2015-09-10 21:14:00,232 [Worker-298] INFO  o.e.m.c.i.embedder.EclipseLogger - skip non existing resourceDirectory C:\Users\Bel\Java\Demo\TV_E2E\src\test\resources
2015-09-10 21:15:49,369 [Worker-297] INFO  o.e.m.c.i.embedder.EclipseLogger - Using 'UTF-8' encoding to copy filtered resources.
2015-09-10 21:15:49,369 [Worker-297] INFO  o.e.m.c.i.embedder.EclipseLogger - Copying 1 resource
2015-09-10 21:15:49,369 [Worker-297] INFO  o.e.m.c.i.embedder.EclipseLogger - Using 'UTF-8' encoding to copy filtered resources.
2015-09-10 21:15:49,369 [Worker-297] INFO  o.e.m.c.i.embedder.EclipseLogger - skip non existing resourceDirectory C:\Users\Bel\Java\Demo\TV_E2E\src\test\resources
2015-09-10 21:20:59,712 [Worker-296] INFO  o.e.m.c.i.embedder.EclipseLogger - Using 'UTF-8' encoding to copy filtered resources.
2015-09-10 21:20:59,712 [Worker-296] INFO  o.e.m.c.i.embedder.EclipseLogger - Copying 1 resource
2015-09-10 21:20:59,722 [Worker-296] INFO  o.e.m.c.i.embedder.EclipseLogger - Using 'UTF-8' encoding to copy filtered resources.
2015-09-10 21:20:59,722 [Worker-296] INFO  o.e.m.c.i.embedder.EclipseLogger - skip non existing resourceDirectory C:\Users\Bel\Java\Demo\TV_E2E\src\test\resources
2015-09-10 21:22:05,292 [Worker-302] INFO  o.e.m.c.i.embedder.EclipseLogger - Using 'UTF-8' encoding to copy filtered resources.
2015-09-10 21:22:05,292 [Worker-302] INFO  o.e.m.c.i.embedder.EclipseLogger - Copying 1 resource
2015-09-10 21:22:05,302 [Worker-302] INFO  o.e.m.c.i.embedder.EclipseLogger - Using 'UTF-8' encoding to copy filtered resources.
2015-09-10 21:22:05,302 [Worker-302] INFO  o.e.m.c.i.embedder.EclipseLogger - skip non existing resourceDirectory C:\Users\Bel\Java\Demo\TV_E2E\src\test\resources
2015-09-10 21:43:06,237 [Worker-3] INFO  o.e.m.c.i.l.LifecycleMappingFactory - Using org.eclipse.m2e.jdt.JarLifecycleMapping lifecycle mapping for MavenProject: core:TV_E2E:${build.number} @ C:\Users\Bel\Java\Demo\TV_E2E\pom.xml.
2015-09-10 21:43:19,145 [Worker-3] INFO  o.e.m.c.i.embedder.EclipseLogger - Using 'UTF-8' encoding to copy filtered resources.
2015-09-10 21:43:19,169 [Worker-3] INFO  o.e.m.c.i.embedder.EclipseLogger - Copying 1 resource
2015-09-10 21:43:19,265 [Worker-3] INFO  o.e.m.c.i.embedder.EclipseLogger - Using 'UTF-8' encoding to copy filtered resources.
2015-09-10 21:43:19,266 [Worker-3] INFO  o.e.m.c.i.embedder.EclipseLogger - skip non existing resourceDirectory C:\Users\Bel\Java\Demo\TV_E2E\src\test\resources
